This is pdfTeX, Version 3.141592653-2.6-1.40.26 (TeX Live 2024) (preloaded format=pdflatex 2024.7.24)  30 JUL 2024 09:26
entering extended mode
 restricted \write18 enabled.
 %&-line parsing enabled.
**PBS2024_IC01012024.tex
(./PBS2024_IC01012024.tex
LaTeX2e <2024-06-01> patch level 2
L3 programming layer <2024-05-27>
(/usr/local/texlive/2024/texmf-dist/tex/latex/beamer/beamer.cls
Document Class: beamer 2024/01/06 v3.71 A class for typesetting presentations
(/usr/local/texlive/2024/texmf-dist/tex/latex/beamer/beamerbasemodes.sty
(/usr/local/texlive/2024/texmf-dist/tex/latex/etoolbox/etoolbox.sty
Package: etoolbox 2020/10/05 v2.5k e-TeX tools for LaTeX (JAW)
\etb@tempcnta=\count194
)
\beamer@tempbox=\box52
\beamer@tempcount=\count195
\c@beamerpauses=\count196

(/usr/local/texlive/2024/texmf-dist/tex/latex/beamer/beamerbasedecode.sty
\beamer@slideinframe=\count197
\beamer@minimum=\count198
\beamer@decode@box=\box53
)
\beamer@commentbox=\box54
\beamer@modecount=\count199
)
(/usr/local/texlive/2024/texmf-dist/tex/generic/iftex/iftex.sty
Package: iftex 2022/02/03 v1.0f TeX engine tests
)
\headdp=\dimen141
\footheight=\dimen142
\sidebarheight=\dimen143
\beamer@tempdim=\dimen144
\beamer@finalheight=\dimen145
\beamer@animht=\dimen146
\beamer@animdp=\dimen147
\beamer@animwd=\dimen148
\beamer@leftmargin=\dimen149
\beamer@rightmargin=\dimen150
\beamer@leftsidebar=\dimen151
\beamer@rightsidebar=\dimen152
\beamer@boxsize=\dimen153
\beamer@vboxoffset=\dimen154
\beamer@descdefault=\dimen155
\beamer@descriptionwidth=\dimen156
\beamer@lastskip=\skip49
\beamer@areabox=\box55
\beamer@animcurrent=\box56
\beamer@animshowbox=\box57
\beamer@sectionbox=\box58
\beamer@logobox=\box59
\beamer@linebox=\box60
\beamer@sectioncount=\count266
\beamer@subsubsectionmax=\count267
\beamer@subsectionmax=\count268
\beamer@sectionmax=\count269
\beamer@totalheads=\count270
\beamer@headcounter=\count271
\beamer@partstartpage=\count272
\beamer@sectionstartpage=\count273
\beamer@subsectionstartpage=\count274
\beamer@animationtempa=\count275
\beamer@animationtempb=\count276
\beamer@xpos=\count277
\beamer@ypos=\count278
\beamer@ypos@offset=\count279
\beamer@showpartnumber=\count280
\beamer@currentsubsection=\count281
\beamer@coveringdepth=\count282
\beamer@sectionadjust=\count283
\beamer@toclastsection=\count284
\beamer@tocsectionnumber=\count285

(/usr/local/texlive/2024/texmf-dist/tex/latex/beamer/beamerbaseoptions.sty
(/usr/local/texlive/2024/texmf-dist/tex/latex/graphics/keyval.sty
Package: keyval 2022/05/29 v1.15 key=value parser (DPC)
\KV@toks@=\toks17
))
\beamer@paperwidth=\skip50
\beamer@paperheight=\skip51

(/usr/local/texlive/2024/texmf-dist/tex/latex/geometry/geometry.sty
Package: geometry 2020/01/02 v5.9 Page Geometry

(/usr/local/texlive/2024/texmf-dist/tex/generic/iftex/ifvtex.sty
Package: ifvtex 2019/10/25 v1.7 ifvtex legacy package. Use iftex instead.
)
\Gm@cnth=\count286
\Gm@cntv=\count287
\c@Gm@tempcnt=\count288
\Gm@bindingoffset=\dimen157
\Gm@wd@mp=\dimen158
\Gm@odd@mp=\dimen159
\Gm@even@mp=\dimen160
\Gm@layoutwidth=\dimen161
\Gm@layoutheight=\dimen162
\Gm@layouthoffset=\dimen163
\Gm@layoutvoffset=\dimen164
\Gm@dimlist=\toks18
)
(/usr/local/texlive/2024/texmf-dist/tex/latex/pgf/math/pgfmath.sty
(/usr/local/texlive/2024/texmf-dist/tex/latex/pgf/utilities/pgfrcs.sty
(/usr/local/texlive/2024/texmf-dist/tex/generic/pgf/utilities/pgfutil-common.te
x
\pgfutil@everybye=\toks19
\pgfutil@tempdima=\dimen165
\pgfutil@tempdimb=\dimen166
)
(/usr/local/texlive/2024/texmf-dist/tex/generic/pgf/utilities/pgfutil-latex.def
\pgfutil@abb=\box61
) (/usr/local/texlive/2024/texmf-dist/tex/generic/pgf/utilities/pgfrcs.code.tex
(/usr/local/texlive/2024/texmf-dist/tex/generic/pgf/pgf.revision.tex)
Package: pgfrcs 2023-01-15 v3.1.10 (3.1.10)
))
(/usr/local/texlive/2024/texmf-dist/tex/latex/pgf/utilities/pgfkeys.sty
(/usr/local/texlive/2024/texmf-dist/tex/generic/pgf/utilities/pgfkeys.code.tex
\pgfkeys@pathtoks=\toks20
\pgfkeys@temptoks=\toks21

(/usr/local/texlive/2024/texmf-dist/tex/generic/pgf/utilities/pgfkeyslibraryfil
tered.code.tex
\pgfkeys@tmptoks=\toks22
)))
(/usr/local/texlive/2024/texmf-dist/tex/generic/pgf/math/pgfmath.code.tex
(/usr/local/texlive/2024/texmf-dist/tex/generic/pgf/math/pgfmathutil.code.tex
\pgf@x=\dimen167
\pgf@xa=\dimen168
\pgf@xb=\dimen169
\pgf@xc=\dimen170
\pgf@y=\dimen171
\pgf@ya=\dimen172
\pgf@yb=\dimen173
\pgf@yc=\dimen174
\c@pgf@counta=\count289
\c@pgf@countb=\count290
\c@pgf@countc=\count291
\c@pgf@countd=\count292
)
(/usr/local/texlive/2024/texmf-dist/tex/generic/pgf/math/pgfmathparser.code.tex
\pgfmath@dimen=\dimen175
\pgfmath@count=\count293
\pgfmath@box=\box62
\pgfmath@toks=\toks23
\pgfmath@stack@operand=\toks24
\pgfmath@stack@operation=\toks25
)
(/usr/local/texlive/2024/texmf-dist/tex/generic/pgf/math/pgfmathfunctions.code.
tex)
(/usr/local/texlive/2024/texmf-dist/tex/generic/pgf/math/pgfmathfunctions.basic
.code.tex)
(/usr/local/texlive/2024/texmf-dist/tex/generic/pgf/math/pgfmathfunctions.trigo
nometric.code.tex)
(/usr/local/texlive/2024/texmf-dist/tex/generic/pgf/math/pgfmathfunctions.rando
m.code.tex)
(/usr/local/texlive/2024/texmf-dist/tex/generic/pgf/math/pgfmathfunctions.compa
rison.code.tex)
(/usr/local/texlive/2024/texmf-dist/tex/generic/pgf/math/pgfmathfunctions.base.
code.tex)
(/usr/local/texlive/2024/texmf-dist/tex/generic/pgf/math/pgfmathfunctions.round
.code.tex)
(/usr/local/texlive/2024/texmf-dist/tex/generic/pgf/math/pgfmathfunctions.misc.
code.tex)
(/usr/local/texlive/2024/texmf-dist/tex/generic/pgf/math/pgfmathfunctions.integ
erarithmetics.code.tex)
(/usr/local/texlive/2024/texmf-dist/tex/generic/pgf/math/pgfmathcalc.code.tex)
(/usr/local/texlive/2024/texmf-dist/tex/generic/pgf/math/pgfmathfloat.code.tex
\c@pgfmathroundto@lastzeros=\count294
))) (/usr/local/texlive/2024/texmf-dist/tex/latex/extsizes/size8.clo
File: size8.clo 1999/11/11 v1.4a NON-Standard LaTeX file (size option)
)
(/usr/local/texlive/2024/texmf-dist/tex/latex/pgf/basiclayer/pgfcore.sty
(/usr/local/texlive/2024/texmf-dist/tex/latex/graphics/graphicx.sty
Package: graphicx 2021/09/16 v1.2d Enhanced LaTeX Graphics (DPC,SPQR)

(/usr/local/texlive/2024/texmf-dist/tex/latex/graphics/graphics.sty
Package: graphics 2024/05/23 v1.4g Standard LaTeX Graphics (DPC,SPQR)

(/usr/local/texlive/2024/texmf-dist/tex/latex/graphics/trig.sty
Package: trig 2023/12/02 v1.11 sin cos tan (DPC)
)
(/usr/local/texlive/2024/texmf-dist/tex/latex/graphics-cfg/graphics.cfg
File: graphics.cfg 2016/06/04 v1.11 sample graphics configuration
)
Package graphics Info: Driver file: pdftex.def on input line 106.

(/usr/local/texlive/2024/texmf-dist/tex/latex/graphics-def/pdftex.def
File: pdftex.def 2024/04/13 v1.2c Graphics/color driver for pdftex
))
\Gin@req@height=\dimen176
\Gin@req@width=\dimen177
)
(/usr/local/texlive/2024/texmf-dist/tex/latex/pgf/systemlayer/pgfsys.sty
(/usr/local/texlive/2024/texmf-dist/tex/generic/pgf/systemlayer/pgfsys.code.tex
Package: pgfsys 2023-01-15 v3.1.10 (3.1.10)
\pgf@x=\dimen178
\pgf@y=\dimen179
\pgf@xa=\dimen180
\pgf@ya=\dimen181
\pgf@xb=\dimen182
\pgf@yb=\dimen183
\pgf@xc=\dimen184
\pgf@yc=\dimen185
\pgf@xd=\dimen186
\pgf@yd=\dimen187
\w@pgf@writea=\write3
\r@pgf@reada=\read2
\c@pgf@counta=\count295
\c@pgf@countb=\count296
\c@pgf@countc=\count297
\c@pgf@countd=\count298
\t@pgf@toka=\toks26
\t@pgf@tokb=\toks27
\t@pgf@tokc=\toks28
\pgf@sys@id@count=\count299
(/usr/local/texlive/2024/texmf-dist/tex/generic/pgf/systemlayer/pgf.cfg
File: pgf.cfg 2023-01-15 v3.1.10 (3.1.10)
)
Driver file for pgf: pgfsys-pdftex.def

(/usr/local/texlive/2024/texmf-dist/tex/generic/pgf/systemlayer/pgfsys-pdftex.d
ef
File: pgfsys-pdftex.def 2023-01-15 v3.1.10 (3.1.10)

(/usr/local/texlive/2024/texmf-dist/tex/generic/pgf/systemlayer/pgfsys-common-p
df.def
File: pgfsys-common-pdf.def 2023-01-15 v3.1.10 (3.1.10)
)))
(/usr/local/texlive/2024/texmf-dist/tex/generic/pgf/systemlayer/pgfsyssoftpath.
code.tex
File: pgfsyssoftpath.code.tex 2023-01-15 v3.1.10 (3.1.10)
\pgfsyssoftpath@smallbuffer@items=\count300
\pgfsyssoftpath@bigbuffer@items=\count301
)
(/usr/local/texlive/2024/texmf-dist/tex/generic/pgf/systemlayer/pgfsysprotocol.
code.tex
File: pgfsysprotocol.code.tex 2023-01-15 v3.1.10 (3.1.10)
)) (/usr/local/texlive/2024/texmf-dist/tex/latex/xcolor/xcolor.sty
Package: xcolor 2023/11/15 v3.01 LaTeX color extensions (UK)

(/usr/local/texlive/2024/texmf-dist/tex/latex/graphics-cfg/color.cfg
File: color.cfg 2016/01/02 v1.6 sample color configuration
)
Package xcolor Info: Driver file: pdftex.def on input line 274.

(/usr/local/texlive/2024/texmf-dist/tex/latex/graphics/mathcolor.ltx)
Package xcolor Info: Model `cmy' substituted by `cmy0' on input line 1350.
Package xcolor Info: Model `hsb' substituted by `rgb' on input line 1354.
Package xcolor Info: Model `RGB' extended on input line 1366.
Package xcolor Info: Model `HTML' substituted by `rgb' on input line 1368.
Package xcolor Info: Model `Hsb' substituted by `hsb' on input line 1369.
Package xcolor Info: Model `tHsb' substituted by `hsb' on input line 1370.
Package xcolor Info: Model `HSB' substituted by `hsb' on input line 1371.
Package xcolor Info: Model `Gray' substituted by `gray' on input line 1372.
Package xcolor Info: Model `wave' substituted by `hsb' on input line 1373.
)
(/usr/local/texlive/2024/texmf-dist/tex/generic/pgf/basiclayer/pgfcore.code.tex
Package: pgfcore 2023-01-15 v3.1.10 (3.1.10)
(/usr/local/texlive/2024/texmf-dist/tex/generic/pgf/math/pgfint.code.tex)
(/usr/local/texlive/2024/texmf-dist/tex/generic/pgf/basiclayer/pgfcorepoints.co
de.tex
File: pgfcorepoints.code.tex 2023-01-15 v3.1.10 (3.1.10)
\pgf@picminx=\dimen188
\pgf@picmaxx=\dimen189
\pgf@picminy=\dimen190
\pgf@picmaxy=\dimen191
\pgf@pathminx=\dimen192
\pgf@pathmaxx=\dimen193
\pgf@pathminy=\dimen194
\pgf@pathmaxy=\dimen195
\pgf@xx=\dimen196
\pgf@xy=\dimen197
\pgf@yx=\dimen198
\pgf@yy=\dimen199
\pgf@zx=\dimen256
\pgf@zy=\dimen257
)
(/usr/local/texlive/2024/texmf-dist/tex/generic/pgf/basiclayer/pgfcorepathconst
ruct.code.tex
File: pgfcorepathconstruct.code.tex 2023-01-15 v3.1.10 (3.1.10)
\pgf@path@lastx=\dimen258
\pgf@path@lasty=\dimen259
)
(/usr/local/texlive/2024/texmf-dist/tex/generic/pgf/basiclayer/pgfcorepathusage
.code.tex
File: pgfcorepathusage.code.tex 2023-01-15 v3.1.10 (3.1.10)
\pgf@shorten@end@additional=\dimen260
\pgf@shorten@start@additional=\dimen261
)
(/usr/local/texlive/2024/texmf-dist/tex/generic/pgf/basiclayer/pgfcorescopes.co
de.tex
File: pgfcorescopes.code.tex 2023-01-15 v3.1.10 (3.1.10)
\pgfpic=\box63
\pgf@hbox=\box64
\pgf@layerbox@main=\box65
\pgf@picture@serial@count=\count302
)
(/usr/local/texlive/2024/texmf-dist/tex/generic/pgf/basiclayer/pgfcoregraphicst
ate.code.tex
File: pgfcoregraphicstate.code.tex 2023-01-15 v3.1.10 (3.1.10)
\pgflinewidth=\dimen262
)
(/usr/local/texlive/2024/texmf-dist/tex/generic/pgf/basiclayer/pgfcoretransform
ations.code.tex
File: pgfcoretransformations.code.tex 2023-01-15 v3.1.10 (3.1.10)
\pgf@pt@x=\dimen263
\pgf@pt@y=\dimen264
\pgf@pt@temp=\dimen265
)
(/usr/local/texlive/2024/texmf-dist/tex/generic/pgf/basiclayer/pgfcorequick.cod
e.tex
File: pgfcorequick.code.tex 2023-01-15 v3.1.10 (3.1.10)
)
(/usr/local/texlive/2024/texmf-dist/tex/generic/pgf/basiclayer/pgfcoreobjects.c
ode.tex
File: pgfcoreobjects.code.tex 2023-01-15 v3.1.10 (3.1.10)
)
(/usr/local/texlive/2024/texmf-dist/tex/generic/pgf/basiclayer/pgfcorepathproce
ssing.code.tex
File: pgfcorepathprocessing.code.tex 2023-01-15 v3.1.10 (3.1.10)
)
(/usr/local/texlive/2024/texmf-dist/tex/generic/pgf/basiclayer/pgfcorearrows.co
de.tex
File: pgfcorearrows.code.tex 2023-01-15 v3.1.10 (3.1.10)
\pgfarrowsep=\dimen266
)
(/usr/local/texlive/2024/texmf-dist/tex/generic/pgf/basiclayer/pgfcoreshade.cod
e.tex
File: pgfcoreshade.code.tex 2023-01-15 v3.1.10 (3.1.10)
\pgf@max=\dimen267
\pgf@sys@shading@range@num=\count303
\pgf@shadingcount=\count304
)
(/usr/local/texlive/2024/texmf-dist/tex/generic/pgf/basiclayer/pgfcoreimage.cod
e.tex
File: pgfcoreimage.code.tex 2023-01-15 v3.1.10 (3.1.10)
)
(/usr/local/texlive/2024/texmf-dist/tex/generic/pgf/basiclayer/pgfcoreexternal.
code.tex
File: pgfcoreexternal.code.tex 2023-01-15 v3.1.10 (3.1.10)
\pgfexternal@startupbox=\box66
)
(/usr/local/texlive/2024/texmf-dist/tex/generic/pgf/basiclayer/pgfcorelayers.co
de.tex
File: pgfcorelayers.code.tex 2023-01-15 v3.1.10 (3.1.10)
)
(/usr/local/texlive/2024/texmf-dist/tex/generic/pgf/basiclayer/pgfcoretranspare
ncy.code.tex
File: pgfcoretransparency.code.tex 2023-01-15 v3.1.10 (3.1.10)
)
(/usr/local/texlive/2024/texmf-dist/tex/generic/pgf/basiclayer/pgfcorepatterns.
code.tex
File: pgfcorepatterns.code.tex 2023-01-15 v3.1.10 (3.1.10)
)
(/usr/local/texlive/2024/texmf-dist/tex/generic/pgf/basiclayer/pgfcorerdf.code.
tex
File: pgfcorerdf.code.tex 2023-01-15 v3.1.10 (3.1.10)
))) (/usr/local/texlive/2024/texmf-dist/tex/latex/pgf/utilities/xxcolor.sty
Package: xxcolor 2003/10/24 ver 0.1
\XC@nummixins=\count305
\XC@countmixins=\count306
) (/usr/local/texlive/2024/texmf-dist/tex/latex/base/atbegshi-ltx.sty
Package: atbegshi-ltx 2021/01/10 v1.0c Emulation of the original atbegshi
package with kernel methods
)
(/usr/local/texlive/2024/texmf-dist/tex/latex/hyperref/hyperref.sty
Package: hyperref 2024-07-10 v7.01j Hypertext links for LaTeX

(/usr/local/texlive/2024/texmf-dist/tex/latex/kvsetkeys/kvsetkeys.sty
Package: kvsetkeys 2022-10-05 v1.19 Key value parser (HO)
)
(/usr/local/texlive/2024/texmf-dist/tex/generic/kvdefinekeys/kvdefinekeys.sty
Package: kvdefinekeys 2019-12-19 v1.6 Define keys (HO)
)
(/usr/local/texlive/2024/texmf-dist/tex/generic/pdfescape/pdfescape.sty
Package: pdfescape 2019/12/09 v1.15 Implements pdfTeX's escape features (HO)

(/usr/local/texlive/2024/texmf-dist/tex/generic/ltxcmds/ltxcmds.sty
Package: ltxcmds 2023-12-04 v1.26 LaTeX kernel commands for general use (HO)
)
(/usr/local/texlive/2024/texmf-dist/tex/generic/pdftexcmds/pdftexcmds.sty
Package: pdftexcmds 2020-06-27 v0.33 Utility functions of pdfTeX for LuaTeX (HO
)

(/usr/local/texlive/2024/texmf-dist/tex/generic/infwarerr/infwarerr.sty
Package: infwarerr 2019/12/03 v1.5 Providing info/warning/error messages (HO)
)
Package pdftexcmds Info: \pdf@primitive is available.
Package pdftexcmds Info: \pdf@ifprimitive is available.
Package pdftexcmds Info: \pdfdraftmode found.
))
(/usr/local/texlive/2024/texmf-dist/tex/latex/hycolor/hycolor.sty
Package: hycolor 2020-01-27 v1.10 Color options for hyperref/bookmark (HO)
)
(/usr/local/texlive/2024/texmf-dist/tex/latex/hyperref/nameref.sty
Package: nameref 2023-11-26 v2.56 Cross-referencing by name of section

(/usr/local/texlive/2024/texmf-dist/tex/latex/refcount/refcount.sty
Package: refcount 2019/12/15 v3.6 Data extraction from label references (HO)
)
(/usr/local/texlive/2024/texmf-dist/tex/generic/gettitlestring/gettitlestring.s
ty
Package: gettitlestring 2019/12/15 v1.6 Cleanup title references (HO)
 (/usr/local/texlive/2024/texmf-dist/tex/latex/kvoptions/kvoptions.sty
Package: kvoptions 2022-06-15 v3.15 Key value format for package options (HO)
))
\c@section@level=\count307
)
(/usr/local/texlive/2024/texmf-dist/tex/generic/stringenc/stringenc.sty
Package: stringenc 2019/11/29 v1.12 Convert strings between diff. encodings (HO
)
)
\@linkdim=\dimen268
\Hy@linkcounter=\count308
\Hy@pagecounter=\count309

(/usr/local/texlive/2024/texmf-dist/tex/latex/hyperref/pd1enc.def
File: pd1enc.def 2024-07-10 v7.01j Hyperref: PDFDocEncoding definition (HO)
Now handling font encoding PD1 ...
... no UTF-8 mapping file for font encoding PD1
)
(/usr/local/texlive/2024/texmf-dist/tex/generic/intcalc/intcalc.sty
Package: intcalc 2019/12/15 v1.3 Expandable calculations with integers (HO)
)
\Hy@SavedSpaceFactor=\count310

(/usr/local/texlive/2024/texmf-dist/tex/latex/hyperref/puenc.def
File: puenc.def 2024-07-10 v7.01j Hyperref: PDF Unicode definition (HO)
Now handling font encoding PU ...
... no UTF-8 mapping file for font encoding PU
)
Package hyperref Info: Option `bookmarks' set `true' on input line 4040.
Package hyperref Info: Option `bookmarksopen' set `true' on input line 4040.
Package hyperref Info: Option `implicit' set `false' on input line 4040.
Package hyperref Info: Hyper figures OFF on input line 4157.
Package hyperref Info: Link nesting OFF on input line 4162.
Package hyperref Info: Hyper index ON on input line 4165.
Package hyperref Info: Plain pages OFF on input line 4172.
Package hyperref Info: Backreferencing OFF on input line 4177.
Package hyperref Info: Implicit mode OFF; no redefinition of LaTeX internals.
Package hyperref Info: Bookmarks ON on input line 4424.
\c@Hy@tempcnt=\count311

(/usr/local/texlive/2024/texmf-dist/tex/latex/url/url.sty
\Urlmuskip=\muskip17
Package: url 2013/09/16  ver 3.4  Verb mode for urls, etc.
)
LaTeX Info: Redefining \url on input line 4763.
\XeTeXLinkMargin=\dimen269

(/usr/local/texlive/2024/texmf-dist/tex/generic/bitset/bitset.sty
Package: bitset 2019/12/09 v1.3 Handle bit-vector datatype (HO)

(/usr/local/texlive/2024/texmf-dist/tex/generic/bigintcalc/bigintcalc.sty
Package: bigintcalc 2019/12/15 v1.5 Expandable calculations on big integers (HO
)
))
\Fld@menulength=\count312
\Field@Width=\dimen270
\Fld@charsize=\dimen271
Package hyperref Info: Hyper figures OFF on input line 6042.
Package hyperref Info: Link nesting OFF on input line 6047.
Package hyperref Info: Hyper index ON on input line 6050.
Package hyperref Info: backreferencing OFF on input line 6057.
Package hyperref Info: Link coloring OFF on input line 6062.
Package hyperref Info: Link coloring with OCG OFF on input line 6067.
Package hyperref Info: PDF/A mode OFF on input line 6072.
\Hy@abspage=\count313


Package hyperref Message: Stopped early.

)
Package hyperref Info: Driver (autodetected): hpdftex.
 (/usr/local/texlive/2024/texmf-dist/tex/latex/hyperref/hpdftex.def
File: hpdftex.def 2024-07-10 v7.01j Hyperref driver for pdfTeX

(/usr/local/texlive/2024/texmf-dist/tex/latex/base/atveryend-ltx.sty
Package: atveryend-ltx 2020/08/19 v1.0a Emulation of the original atveryend pac
kage
with kernel methods
)
\Fld@listcount=\count314
\c@bookmark@seq@number=\count315

(/usr/local/texlive/2024/texmf-dist/tex/latex/rerunfilecheck/rerunfilecheck.sty
Package: rerunfilecheck 2022-07-10 v1.10 Rerun checks for auxiliary files (HO)

(/usr/local/texlive/2024/texmf-dist/tex/generic/uniquecounter/uniquecounter.sty
Package: uniquecounter 2019/12/15 v1.4 Provide unlimited unique counter (HO)
)
Package uniquecounter Info: New unique counter `rerunfilecheck' on input line 2
85.
)) (/usr/local/texlive/2024/texmf-dist/tex/latex/beamer/beamerbaserequires.sty
(/usr/local/texlive/2024/texmf-dist/tex/latex/beamer/beamerbasecompatibility.st
y) (/usr/local/texlive/2024/texmf-dist/tex/latex/beamer/beamerbasefont.sty
(/usr/local/texlive/2024/texmf-dist/tex/latex/amsfonts/amssymb.sty
Package: amssymb 2013/01/14 v3.01 AMS font symbols

(/usr/local/texlive/2024/texmf-dist/tex/latex/amsfonts/amsfonts.sty
Package: amsfonts 2013/01/14 v3.01 Basic AMSFonts support
\@emptytoks=\toks29
\symAMSa=\mathgroup4
\symAMSb=\mathgroup5
LaTeX Font Info:    Redeclaring math symbol \hbar on input line 98.
LaTeX Font Info:    Overwriting math alphabet `\mathfrak' in version `bold'
(Font)                  U/euf/m/n --> U/euf/b/n on input line 106.
))
(/usr/local/texlive/2024/texmf-dist/tex/latex/sansmathaccent/sansmathaccent.sty
Package: sansmathaccent 2020/01/31
(/usr/local/texlive/2024/texmf-dist/tex/latex/koma-script/scrlfile.sty
Package: scrlfile 2023/07/07 v3.41 KOMA-Script package (file load hooks)

(/usr/local/texlive/2024/texmf-dist/tex/latex/koma-script/scrlfile-hook.sty
Package: scrlfile-hook 2023/07/07 v3.41 KOMA-Script package (using LaTeX hooks)


(/usr/local/texlive/2024/texmf-dist/tex/latex/koma-script/scrlogo.sty
Package: scrlogo 2023/07/07 v3.41 KOMA-Script package (logo)
)))))
(/usr/local/texlive/2024/texmf-dist/tex/latex/beamer/beamerbasetranslator.sty
(/usr/local/texlive/2024/texmf-dist/tex/latex/translator/translator.sty
Package: translator 2021-05-31 v1.12d Easy translation of strings in LaTeX
))
(/usr/local/texlive/2024/texmf-dist/tex/latex/beamer/beamerbasemisc.sty)
(/usr/local/texlive/2024/texmf-dist/tex/latex/beamer/beamerbasetwoscreens.sty)
(/usr/local/texlive/2024/texmf-dist/tex/latex/beamer/beamerbaseoverlay.sty
\beamer@argscount=\count316
\beamer@lastskipcover=\skip52
\beamer@trivlistdepth=\count317
)
(/usr/local/texlive/2024/texmf-dist/tex/latex/beamer/beamerbasetitle.sty)
(/usr/local/texlive/2024/texmf-dist/tex/latex/beamer/beamerbasesection.sty
\c@lecture=\count318
\c@part=\count319
\c@section=\count320
\c@subsection=\count321
\c@subsubsection=\count322
)
(/usr/local/texlive/2024/texmf-dist/tex/latex/beamer/beamerbaseframe.sty
\beamer@framebox=\box67
\beamer@frametitlebox=\box68
\beamer@zoombox=\box69
\beamer@zoomcount=\count323
\beamer@zoomframecount=\count324
\beamer@frametextheight=\dimen272
\c@subsectionslide=\count325
\beamer@frametopskip=\skip53
\beamer@framebottomskip=\skip54
\beamer@frametopskipautobreak=\skip55
\beamer@framebottomskipautobreak=\skip56
\beamer@envbody=\toks30
\framewidth=\dimen273
\c@framenumber=\count326
)
(/usr/local/texlive/2024/texmf-dist/tex/latex/beamer/beamerbaseverbatim.sty
\beamer@verbatimfileout=\write4
)
(/usr/local/texlive/2024/texmf-dist/tex/latex/beamer/beamerbaseframesize.sty
\beamer@splitbox=\box70
\beamer@autobreakcount=\count327
\beamer@autobreaklastheight=\dimen274
\beamer@frametitletoks=\toks31
\beamer@framesubtitletoks=\toks32
)
(/usr/local/texlive/2024/texmf-dist/tex/latex/beamer/beamerbaseframecomponents.
sty
\beamer@footins=\box71
) (/usr/local/texlive/2024/texmf-dist/tex/latex/beamer/beamerbasecolor.sty)
(/usr/local/texlive/2024/texmf-dist/tex/latex/beamer/beamerbasenotes.sty
\beamer@frameboxcopy=\box72
)
(/usr/local/texlive/2024/texmf-dist/tex/latex/beamer/beamerbasetoc.sty)
(/usr/local/texlive/2024/texmf-dist/tex/latex/beamer/beamerbasetemplates.sty
\beamer@sbttoks=\toks33

(/usr/local/texlive/2024/texmf-dist/tex/latex/beamer/beamerbaseauxtemplates.sty
(/usr/local/texlive/2024/texmf-dist/tex/latex/beamer/beamerbaseboxes.sty
\bmb@box=\box73
\bmb@colorbox=\box74
\bmb@boxwidth=\dimen275
\bmb@boxheight=\dimen276
\bmb@prevheight=\dimen277
\bmb@temp=\dimen278
\bmb@dima=\dimen279
\bmb@dimb=\dimen280
\bmb@prevheight=\dimen281
)
\beamer@blockheadheight=\dimen282
))
(/usr/local/texlive/2024/texmf-dist/tex/latex/beamer/beamerbaselocalstructure.s
ty (/usr/local/texlive/2024/texmf-dist/tex/latex/tools/enumerate.sty
Package: enumerate 2023/07/04 v3.00 enumerate extensions (DPC)
\@enLab=\toks34
)
\beamer@bibiconwidth=\skip57
\c@figure=\count328
\c@table=\count329
\abovecaptionskip=\skip58
\belowcaptionskip=\skip59
)
(/usr/local/texlive/2024/texmf-dist/tex/latex/beamer/beamerbasenavigation.sty
(/usr/local/texlive/2024/texmf-dist/tex/latex/beamer/beamerbasenavigationsymbol
s.tex)
\beamer@section@min@dim=\dimen283
)
(/usr/local/texlive/2024/texmf-dist/tex/latex/beamer/beamerbasetheorems.sty
(/usr/local/texlive/2024/texmf-dist/tex/latex/amsmath/amsmath.sty
Package: amsmath 2024/05/23 v2.17q AMS math features
\@mathmargin=\skip60

For additional information on amsmath, use the `?' option.
(/usr/local/texlive/2024/texmf-dist/tex/latex/amsmath/amstext.sty
Package: amstext 2021/08/26 v2.01 AMS text

(/usr/local/texlive/2024/texmf-dist/tex/latex/amsmath/amsgen.sty
File: amsgen.sty 1999/11/30 v2.0 generic functions
\@emptytoks=\toks35
\ex@=\dimen284
))
(/usr/local/texlive/2024/texmf-dist/tex/latex/amsmath/amsbsy.sty
Package: amsbsy 1999/11/29 v1.2d Bold Symbols
\pmbraise@=\dimen285
)
(/usr/local/texlive/2024/texmf-dist/tex/latex/amsmath/amsopn.sty
Package: amsopn 2022/04/08 v2.04 operator names
)
\inf@bad=\count330
LaTeX Info: Redefining \frac on input line 233.
\uproot@=\count331
\leftroot@=\count332
LaTeX Info: Redefining \overline on input line 398.
LaTeX Info: Redefining \colon on input line 409.
\classnum@=\count333
\DOTSCASE@=\count334
LaTeX Info: Redefining \ldots on input line 495.
LaTeX Info: Redefining \dots on input line 498.
LaTeX Info: Redefining \cdots on input line 619.
\Mathstrutbox@=\box75
\strutbox@=\box76
LaTeX Info: Redefining \big on input line 721.
LaTeX Info: Redefining \Big on input line 722.
LaTeX Info: Redefining \bigg on input line 723.
LaTeX Info: Redefining \Bigg on input line 724.
\big@size=\dimen286
LaTeX Font Info:    Redeclaring font encoding OML on input line 742.
LaTeX Font Info:    Redeclaring font encoding OMS on input line 743.
\macc@depth=\count335
LaTeX Info: Redefining \bmod on input line 904.
LaTeX Info: Redefining \pmod on input line 909.
LaTeX Info: Redefining \smash on input line 939.
LaTeX Info: Redefining \relbar on input line 969.
LaTeX Info: Redefining \Relbar on input line 970.
\c@MaxMatrixCols=\count336
\dotsspace@=\muskip18
\c@parentequation=\count337
\dspbrk@lvl=\count338
\tag@help=\toks36
\row@=\count339
\column@=\count340
\maxfields@=\count341
\andhelp@=\toks37
\eqnshift@=\dimen287
\alignsep@=\dimen288
\tagshift@=\dimen289
\tagwidth@=\dimen290
\totwidth@=\dimen291
\lineht@=\dimen292
\@envbody=\toks38
\multlinegap=\skip61
\multlinetaggap=\skip62
\mathdisplay@stack=\toks39
LaTeX Info: Redefining \[ on input line 2953.
LaTeX Info: Redefining \] on input line 2954.
)
(/usr/local/texlive/2024/texmf-dist/tex/latex/amscls/amsthm.sty
Package: amsthm 2020/05/29 v2.20.6
\thm@style=\toks40
\thm@bodyfont=\toks41
\thm@headfont=\toks42
\thm@notefont=\toks43
\thm@headpunct=\toks44
\thm@preskip=\skip63
\thm@postskip=\skip64
\thm@headsep=\skip65
\dth@everypar=\toks45
)
\c@theorem=\count342
)
(/usr/local/texlive/2024/texmf-dist/tex/latex/beamer/beamerbasethemes.sty))
(/usr/local/texlive/2024/texmf-dist/tex/latex/beamer/beamerthemedefault.sty
(/usr/local/texlive/2024/texmf-dist/tex/latex/beamer/beamerfontthemedefault.sty
)
(/usr/local/texlive/2024/texmf-dist/tex/latex/beamer/beamercolorthemedefault.st
y)
(/usr/local/texlive/2024/texmf-dist/tex/latex/beamer/beamerinnerthemedefault.st
y
\beamer@dima=\dimen293
\beamer@dimb=\dimen294
)
(/usr/local/texlive/2024/texmf-dist/tex/latex/beamer/beamerouterthemedefault.st
y))) (/usr/local/texlive/2024/texmf-dist/tex/latex/psnfss/mathpazo.sty
Package: mathpazo 2020/03/25 PSNFSS-v9.3 Palatino w/ Pazo Math (D.Puga, WaS) 
\symupright=\mathgroup6
)
(/usr/local/texlive/2024/texmf-dist/tex/latex/beamer/multimedia.sty
Package: multimedia 2012/05/02 ver 0.02

(/usr/local/texlive/2024/texmf-dist/tex/generic/iftex/ifpdf.sty
Package: ifpdf 2019/10/25 v3.4 ifpdf legacy package. Use iftex instead.
)
\mm@movie=\count343
)
(/usr/local/texlive/2024/texmf-dist/tex/latex/comment/comment.sty
\CommentStream=\write5

Excluding comment 'comment')
(/usr/local/texlive/2024/texmf-dist/tex/latex/beamer/beamerthemeAnnArbor.sty
(/usr/local/texlive/2024/texmf-dist/tex/latex/beamer/beamerinnerthemerounded.st
y)
(/usr/local/texlive/2024/texmf-dist/tex/latex/beamer/beamerouterthemeinfolines.
sty)
(/usr/local/texlive/2024/texmf-dist/tex/latex/beamer/beamercolorthemewolverine.
sty))
(/usr/local/texlive/2024/texmf-dist/tex/latex/l3backend/l3backend-pdftex.def
File: l3backend-pdftex.def 2024-05-08 L3 backend support: PDF output (pdfTeX)
\l__color_backend_stack_int=\count344
\l__pdf_internal_box=\box77
)
(./PBS2024_IC01012024.aux

LaTeX Warning: Label `Yi23' multiply defined.


LaTeX Warning: Label `Yi23' multiply defined.


LaTeX Warning: Label `Yi23BMC' multiply defined.

)
\openout1 = `PBS2024_IC01012024.aux'.

LaTeX Font Info:    Checking defaults for OML/cmm/m/it on input line 28.
LaTeX Font Info:    ... okay on input line 28.
LaTeX Font Info:    Checking defaults for OMS/cmsy/m/n on input line 28.
LaTeX Font Info:    ... okay on input line 28.
LaTeX Font Info:    Checking defaults for OT1/cmr/m/n on input line 28.
LaTeX Font Info:    ... okay on input line 28.
LaTeX Font Info:    Checking defaults for T1/cmr/m/n on input line 28.
LaTeX Font Info:    ... okay on input line 28.
LaTeX Font Info:    Checking defaults for TS1/cmr/m/n on input line 28.
LaTeX Font Info:    ... okay on input line 28.
LaTeX Font Info:    Checking defaults for OMX/cmex/m/n on input line 28.
LaTeX Font Info:    ... okay on input line 28.
LaTeX Font Info:    Checking defaults for U/cmr/m/n on input line 28.
LaTeX Font Info:    ... okay on input line 28.
LaTeX Font Info:    Checking defaults for PD1/pdf/m/n on input line 28.
LaTeX Font Info:    ... okay on input line 28.
LaTeX Font Info:    Checking defaults for PU/pdf/m/n on input line 28.
LaTeX Font Info:    ... okay on input line 28.

*geometry* driver: auto-detecting
*geometry* detected driver: pdftex
*geometry* verbose mode - [ preamble ] result:
* driver: pdftex
* paper: custom
* layout: <same size as paper>
* layoutoffset:(h,v)=(0.0pt,0.0pt)
* modes: includehead includefoot 
* h-part:(L,W,R)=(8.50012pt, 347.19511pt, 8.50012pt)
* v-part:(T,H,B)=(0.0pt, 273.14662pt, 0.0pt)
* \paperwidth=364.19536pt
* \paperheight=273.14662pt
* \textwidth=347.19511pt
* \textheight=244.6939pt
* \oddsidemargin=-63.76987pt
* \evensidemargin=-63.76987pt
* \topmargin=-72.26999pt
* \headheight=14.22636pt
* \headsep=0.0pt
* \topskip=9.0pt
* \footskip=14.22636pt
* \marginparwidth=4.0pt
* \marginparsep=10.0pt
* \columnsep=10.0pt
* \skip\footins=7.0pt plus 4.0pt minus 2.0pt
* \hoffset=0.0pt
* \voffset=0.0pt
* \mag=1000
* \@twocolumnfalse
* \@twosidefalse
* \@mparswitchfalse
* \@reversemarginfalse
* (1in=72.27pt=25.4mm, 1cm=28.453pt)

(/usr/local/texlive/2024/texmf-dist/tex/context/base/mkii/supp-pdf.mkii
[Loading MPS to PDF converter (version 2006.09.02).]
\scratchcounter=\count345
\scratchdimen=\dimen295
\scratchbox=\box78
\nofMPsegments=\count346
\nofMParguments=\count347
\everyMPshowfont=\toks46
\MPscratchCnt=\count348
\MPscratchDim=\dimen296
\MPnumerator=\count349
\makeMPintoPDFobject=\count350
\everyMPtoPDFconversion=\toks47
) (/usr/local/texlive/2024/texmf-dist/tex/latex/epstopdf-pkg/epstopdf-base.sty
Package: epstopdf-base 2020-01-24 v2.11 Base part for package epstopdf
Package epstopdf-base Info: Redefining graphics rule for `.eps' on input line 4
85.

(/usr/local/texlive/2024/texmf-dist/tex/latex/latexconfig/epstopdf-sys.cfg
File: epstopdf-sys.cfg 2010/07/13 v1.3 Configuration of (r)epstopdf for TeX Liv
e
))
Package hyperref Info: Link coloring OFF on input line 28.

(./PBS2024_IC01012024.out) (./PBS2024_IC01012024.out)
\@outlinefile=\write6
\openout6 = `PBS2024_IC01012024.out'.

LaTeX Font Info:    Overwriting symbol font `operators' in version `normal'
(Font)                  OT1/ppl/m/n --> OT1/cmss/m/n on input line 28.
LaTeX Font Info:    Overwriting symbol font `operators' in version `bold'
(Font)                  OT1/ppl/b/n --> OT1/cmss/b/n on input line 28.
\symnumbers=\mathgroup7
\sympureletters=\mathgroup8
LaTeX Font Info:    Overwriting math alphabet `\mathrm' in version `normal'
(Font)                  OT1/cmss/m/n --> OT1/ppl/m/n on input line 28.
LaTeX Font Info:    Redeclaring math alphabet \mathbf on input line 28.
LaTeX Font Info:    Overwriting math alphabet `\mathbf' in version `normal'
(Font)                  OT1/zplm/b/n --> OT1/cmss/b/n on input line 28.
LaTeX Font Info:    Overwriting math alphabet `\mathbf' in version `bold'
(Font)                  OT1/zplm/b/n --> OT1/cmss/b/n on input line 28.
LaTeX Font Info:    Redeclaring math alphabet \mathsf on input line 28.
LaTeX Font Info:    Overwriting math alphabet `\mathsf' in version `normal'
(Font)                  OT1/cmss/m/n --> OT1/cmss/m/n on input line 28.
LaTeX Font Info:    Overwriting math alphabet `\mathsf' in version `bold'
(Font)                  OT1/cmss/bx/n --> OT1/cmss/m/n on input line 28.
LaTeX Font Info:    Redeclaring math alphabet \mathit on input line 28.
LaTeX Font Info:    Overwriting math alphabet `\mathit' in version `normal'
(Font)                  OT1/ppl/m/it --> OT1/cmss/m/it on input line 28.
LaTeX Font Info:    Overwriting math alphabet `\mathit' in version `bold'
(Font)                  OT1/ppl/b/it --> OT1/cmss/m/it on input line 28.
LaTeX Font Info:    Redeclaring math alphabet \mathtt on input line 28.
LaTeX Font Info:    Overwriting math alphabet `\mathtt' in version `normal'
(Font)                  OT1/cmtt/m/n --> OT1/cmtt/m/n on input line 28.
LaTeX Font Info:    Overwriting math alphabet `\mathtt' in version `bold'
(Font)                  OT1/cmtt/m/n --> OT1/cmtt/m/n on input line 28.
LaTeX Font Info:    Overwriting symbol font `numbers' in version `bold'
(Font)                  OT1/cmss/m/n --> OT1/cmss/b/n on input line 28.
LaTeX Font Info:    Overwriting symbol font `pureletters' in version `bold'
(Font)                  OT1/cmss/m/it --> OT1/cmss/b/it on input line 28.
LaTeX Font Info:    Overwriting math alphabet `\mathrm' in version `bold'
(Font)                  OT1/cmss/b/n --> OT1/ppl/b/n on input line 28.
LaTeX Font Info:    Overwriting math alphabet `\mathbf' in version `bold'
(Font)                  OT1/cmss/b/n --> OT1/cmss/b/n on input line 28.
LaTeX Font Info:    Overwriting math alphabet `\mathsf' in version `bold'
(Font)                  OT1/cmss/m/n --> OT1/cmss/b/n on input line 28.
LaTeX Font Info:    Overwriting math alphabet `\mathit' in version `bold'
(Font)                  OT1/cmss/m/it --> OT1/cmss/b/it on input line 28.
LaTeX Font Info:    Overwriting math alphabet `\mathtt' in version `bold'
(Font)                  OT1/cmtt/m/n --> OT1/cmtt/b/n on input line 28.
LaTeX Font Info:    Redeclaring symbol font `pureletters' on input line 28.
LaTeX Font Info:    Overwriting symbol font `pureletters' in version `normal'
(Font)                  OT1/cmss/m/it --> OT1/mathkerncmss/m/sl on input line 2
8.
LaTeX Font Info:    Overwriting symbol font `pureletters' in version `bold'
(Font)                  OT1/cmss/b/it --> OT1/mathkerncmss/m/sl on input line 2
8.
LaTeX Font Info:    Overwriting symbol font `pureletters' in version `bold'
(Font)                  OT1/mathkerncmss/m/sl --> OT1/mathkerncmss/bx/sl on inp
ut line 28.

(/usr/local/texlive/2024/texmf-dist/tex/latex/translator/translator-basic-dicti
onary-English.dict
Dictionary: translator-basic-dictionary, Language: English 
)
(/usr/local/texlive/2024/texmf-dist/tex/latex/translator/translator-bibliograph
y-dictionary-English.dict
Dictionary: translator-bibliography-dictionary, Language: English 
)
(/usr/local/texlive/2024/texmf-dist/tex/latex/translator/translator-environment
-dictionary-English.dict
Dictionary: translator-environment-dictionary, Language: English 
)
(/usr/local/texlive/2024/texmf-dist/tex/latex/translator/translator-months-dict
ionary-English.dict
Dictionary: translator-months-dictionary, Language: English 
)
(/usr/local/texlive/2024/texmf-dist/tex/latex/translator/translator-numbers-dic
tionary-English.dict
Dictionary: translator-numbers-dictionary, Language: English 
)
(/usr/local/texlive/2024/texmf-dist/tex/latex/translator/translator-theorem-dic
tionary-English.dict
Dictionary: translator-theorem-dictionary, Language: English 
) (./PBS2024_IC01012024.nav)
Overfull \hbox (273.51228pt too wide) in paragraph at lines 28--28
 [][]  \OT1/cmss/m/n/5 ([])  
 []


Overfull \hbox (22.62053pt too wide) in paragraph at lines 28--28
 [] [] 
 []


Overfull \hbox (273.51228pt too wide) in paragraph at lines 30--30
 [][]  \OT1/cmss/m/n/5 ([])  
 []


Overfull \hbox (22.62053pt too wide) in paragraph at lines 30--30
 [] [] 
 []


! LaTeX Error: There's no line here to end.

See the LaTeX manual or LaTeX Companion for explanation.
Type  H <return>  for immediate help.
 ...                                              
                                                  
l.30 \frame{\titlepage}
                       
Your command was ignored.
Type  I <command> <return>  to replace it with another command,
or  <return>  to continue without it.




Overfull \hbox (273.51228pt too wide) has occurred while \output is active
 [][]  \OT1/cmss/m/n/5 ([])  
 []


Overfull \hbox (22.62053pt too wide) has occurred while \output is active
 [] [] 
 []

[1

{/usr/local/texlive/2024/texmf-var/fonts/map/pdftex/updmap/pdftex.map}]
Overfull \hbox (273.51228pt too wide) in paragraph at lines 34--34
 [][]  \OT1/cmss/m/n/5 ([])  
 []


Overfull \hbox (22.62053pt too wide) in paragraph at lines 34--34
 [] [] 
 []

LaTeX Font Info:    Trying to load font information for OML+zplm on input line 
48.
(/usr/local/texlive/2024/texmf-dist/tex/latex/psnfss/omlzplm.fd
File: omlzplm.fd 2002/09/08 Fontinst v1.914 font definitions for OML/zplm.
)
LaTeX Font Info:    Trying to load font information for OMS+zplm on input line 
48.

(/usr/local/texlive/2024/texmf-dist/tex/latex/psnfss/omszplm.fd
File: omszplm.fd 2002/09/08 Fontinst v1.914 font definitions for OMS/zplm.
)
LaTeX Font Info:    Trying to load font information for OMX+zplm on input line 
48.

(/usr/local/texlive/2024/texmf-dist/tex/latex/psnfss/omxzplm.fd
File: omxzplm.fd 2002/09/08 Fontinst v1.914 font definitions for OMX/zplm.
)
LaTeX Font Info:    Font shape `U/msa/m/n' will be
(Font)              scaled to size 8.33606pt on input line 48.
LaTeX Font Info:    Font shape `U/msa/m/n' will be
(Font)              scaled to size 6.25204pt on input line 48.
LaTeX Font Info:    Font shape `U/msa/m/n' will be
(Font)              scaled to size 5.21004pt on input line 48.
LaTeX Font Info:    Font shape `U/msb/m/n' will be
(Font)              scaled to size 8.33606pt on input line 48.
LaTeX Font Info:    Font shape `U/msb/m/n' will be
(Font)              scaled to size 6.25204pt on input line 48.
LaTeX Font Info:    Font shape `U/msb/m/n' will be
(Font)              scaled to size 5.21004pt on input line 48.
LaTeX Font Info:    Trying to load font information for OT1+zplm on input line 
48.

(/usr/local/texlive/2024/texmf-dist/tex/latex/psnfss/ot1zplm.fd
File: ot1zplm.fd 2002/09/08 Fontinst v1.914 font definitions for OT1/zplm.
)
LaTeX Font Info:    Trying to load font information for OT1+mathkerncmss on inp
ut line 48.

(/usr/local/texlive/2024/texmf-dist/tex/latex/sansmathaccent/ot1mathkerncmss.fd
File: ot1mathkerncmss.fd 2020/01/31 Fontinst v1.933 font definitions for OT1/ma
thkerncmss.
)
<Figures/TMA.pdf, id=62, 463.36984pt x 174.20583pt>
File: Figures/TMA.pdf Graphic file (type pdf)
<use Figures/TMA.pdf>
Package pdftex.def Info: Figures/TMA.pdf  used on input line 48.
(pdftex.def)             Requested size: 216.81pt x 81.5099pt.



Overfull \hbox (273.51228pt too wide) has occurred while \output is active
 [][]  \OT1/cmss/m/n/5 ([])  
 []


Overfull \hbox (22.62053pt too wide) has occurred while \output is active
 [] [] 
 []

[2

 <./Figures/TMA.pdf, page is rotated 90 degrees>]
Overfull \hbox (273.51228pt too wide) in paragraph at lines 52--52
 [][]  \OT1/cmss/m/n/5 ([])  
 []


Overfull \hbox (22.62053pt too wide) in paragraph at lines 52--52
 [] [] 
 []


LaTeX Warning: File `/Users/ixc107/Documents/ICH_projects/grants/R01_ICH/QImeth
ods/FRQIdata/Tran_pYStat5fig.pdf' not found on input line 70.


! Package pdftex.def Error: File `/Users/ixc107/Documents/ICH_projects/grants/R
01_ICH/QImethods/FRQIdata/Tran_pYStat5fig.pdf' not found: using draft setting.

See the pdftex.def package documentation for explanation.
Type  H <return>  for immediate help.
 ...                                              
                                                  
l.70 	}
       
Try typing  <return>  to proceed.
If that doesn't work, type  X <return>  to quit.


Overfull \vbox (157.6175pt too high) detected at line 70
 []




Overfull \hbox (273.51228pt too wide) has occurred while \output is active
 [][]  \OT1/cmss/m/n/5 ([])  
 []


Overfull \hbox (22.62053pt too wide) has occurred while \output is active
 [] [] 
 []

[3

 </usr/local/texlive/2024/texmf-dist/tex/latex/beamer/beamericonarticle.pdf>]
Overfull \hbox (273.51228pt too wide) in paragraph at lines 74--74
 [][]  \OT1/cmss/m/n/5 ([])  
 []


Overfull \hbox (22.62053pt too wide) in paragraph at lines 74--74
 [] [] 
 []




Overfull \hbox (273.51228pt too wide) has occurred while \output is active
 [][]  \OT1/cmss/m/n/5 ([])  
 []


Overfull \hbox (22.62053pt too wide) has occurred while \output is active
 [] [] 
 []

[4

]
Overfull \hbox (273.51228pt too wide) in paragraph at lines 107--107
 [][]  \OT1/cmss/m/n/5 ([])  
 []


Overfull \hbox (22.62053pt too wide) in paragraph at lines 107--107
 [] [] 
 []

<Figures/Ki67both.pdf, id=168, 578.16pt x 289.08pt>
File: Figures/Ki67both.pdf Graphic file (type pdf)
<use Figures/Ki67both.pdf>
Package pdftex.def Info: Figures/Ki67both.pdf  used on input line 130.
(pdftex.def)             Requested size: 209.57542pt x 104.79128pt.

Overfull \hbox (1.25624pt too wide) in paragraph at lines 130--130
[][] 
 []




Overfull \hbox (273.51228pt too wide) has occurred while \output is active
 [][]  \OT1/cmss/m/n/5 ([])  
 []


Overfull \hbox (22.62053pt too wide) has occurred while \output is active
 [] [] 
 []

[5

 <./Figures/Ki67both.pdf>]
Overfull \hbox (273.51228pt too wide) in paragraph at lines 141--141
 [][]  \OT1/cmss/m/n/5 ([])  
 []


Overfull \hbox (22.62053pt too wide) in paragraph at lines 141--141
 [] [] 
 []


LaTeX Warning: File `/Users/ixc107/Documents/ICH_projects/grants/R01_ICH/presen
tations/JSM2021/mock_Density_fig.pdf' not found on input line 180.


! Package pdftex.def Error: File `/Users/ixc107/Documents/ICH_projects/grants/R
01_ICH/presentations/JSM2021/mock_Density_fig.pdf' not found: using draft setti
ng.

See the pdftex.def package documentation for explanation.
Type  H <return>  for immediate help.
 ...                                              
                                                  
l.180 	}
        
Try typing  <return>  to proceed.
If that doesn't work, type  X <return>  to quit.


Overfull \hbox (5.58908pt too wide) in paragraph at lines 180--180
[][]  
 []



pdfTeX warning: /Library/TeX/texbin/pdflatex (file ./Figures/densities_quantile
s.pdf): PDF inclusion: found PDF version <1.6>, but at most version <1.5> allow
ed
<Figures/densities_quantiles.pdf, id=203, 1041.49098pt x 341.6515pt>
File: Figures/densities_quantiles.pdf Graphic file (type pdf)
<use Figures/densities_quantiles.pdf>
Package pdftex.def Info: Figures/densities_quantiles.pdf  used on input line 18
0.
(pdftex.def)             Requested size: 231.26378pt x 75.86212pt.

Overfull \hbox (5.58908pt too wide) in paragraph at lines 180--180
[][]  
 []


Overfull \vbox (134.13527pt too high) detected at line 180
 []




Overfull \hbox (273.51228pt too wide) has occurred while \output is active
 [][]  \OT1/cmss/m/n/5 ([])  
 []


Overfull \hbox (22.62053pt too wide) has occurred while \output is active
 [] [] 
 []

[6

 <./Figures/densities_quantiles.pdf>]
Overfull \hbox (273.51228pt too wide) in paragraph at lines 185--185
 [][]  \OT1/cmss/m/n/5 ([])  
 []


Overfull \hbox (22.62053pt too wide) in paragraph at lines 185--185
 [] [] 
 []


! LaTeX Error: There's no line here to end.

See the LaTeX manual or LaTeX Companion for explanation.
Type  H <return>  for immediate help.
 ...                                              
                                                  
l.217 }
       		
Your command was ignored.
Type  I <command> <return>  to replace it with another command,
or  <return>  to continue without it.

! Misplaced alignment tab character &.
\beamer@doifinframe .... J., Shriver, C. D., ... &
                                                   Chervoneva, I. (2023a). Q...
l.217 }
       		
I can't figure out why you would want to use a tab mark
here. If you just want an ampersand, the remedy is
simple: Just type `I\&' now. But if some right brace
up above has ended a previous alignment prematurely,
you're probably due for more error messages, and you
might try typing `S' now just to see what is salvageable.




Overfull \hbox (273.51228pt too wide) has occurred while \output is active
 [][]  \OT1/cmss/m/n/5 ([])  
 []


Overfull \hbox (22.62053pt too wide) has occurred while \output is active
 [] [] 
 []

[7

{/usr/local/texlive/2024/texmf-dist/fonts/enc/dvips/base/8r.enc}]
Overfull \hbox (273.51228pt too wide) in paragraph at lines 222--222
 [][]  \OT1/cmss/m/n/5 ([])  
 []


Overfull \hbox (22.62053pt too wide) in paragraph at lines 222--222
 [] [] 
 []

<Figures/computingFRQI.jpeg, id=273, 2107.875pt x 1117.17375pt>
File: Figures/computingFRQI.jpeg Graphic file (type jpg)
<use Figures/computingFRQI.jpeg>
Package pdftex.def Info: Figures/computingFRQI.jpeg  used on input line 226.
(pdftex.def)             Requested size: 346.89621pt x 183.8484pt.



Overfull \hbox (273.51228pt too wide) has occurred while \output is active
 [][]  \OT1/cmss/m/n/5 ([])  
 []


Overfull \hbox (22.62053pt too wide) has occurred while \output is active
 [] [] 
 []

[8

 <./Figures/computingFRQI.jpeg>]
Overfull \hbox (273.51228pt too wide) in paragraph at lines 231--231
 [][]  \OT1/cmss/m/n/5 ([])  
 []


Overfull \hbox (22.62053pt too wide) in paragraph at lines 231--231
 [] [] 
 []

LaTeX Font Info:    Trying to load font information for TS1+cmss on input line 
269.
(/usr/local/texlive/2024/texmf-dist/tex/latex/base/ts1cmss.fd
File: ts1cmss.fd 2023/04/13 v2.5m Standard LaTeX font definitions
)

! LaTeX Error: \mathbf allowed only in math mode.

See the LaTeX manual or LaTeX Companion for explanation.
Type  H <return>  for immediate help.
 ...                                              
                                                  
l.269 }
       
You're in trouble here.  Try typing  <return>  to proceed.
If that doesn't work, type  X <return>  to quit.

! Missing $ inserted.
<inserted text> 
                $
l.269 }
       
I've inserted a begin-math/end-math symbol since I think
you left one out. Proceed, with fingers crossed.

LaTeX Font Info:    Font shape `OT1/cmss/b/n' in size <8> not available
(Font)              Font shape `OT1/cmss/bx/n' tried instead on input line 269.

LaTeX Font Info:    Font shape `OT1/cmss/b/n' in size <6> not available
(Font)              Font shape `OT1/cmss/bx/n' tried instead on input line 269.

LaTeX Font Info:    Font shape `OT1/cmss/b/n' in size <5> not available
(Font)              Font shape `OT1/cmss/bx/n' tried instead on input line 269.




Overfull \hbox (273.51228pt too wide) has occurred while \output is active
 [][]  \OT1/cmss/m/n/5 ([])  
 []


Overfull \hbox (22.62053pt too wide) has occurred while \output is active
 [] [] 
 []

[9

{/usr/local/texlive/2024/texmf-dist/fonts/enc/dvips/cm-super/cm-super-ts1.enc}]

Overfull \hbox (273.51228pt too wide) in paragraph at lines 273--273
 [][]  \OT1/cmss/m/n/5 ([])  
 []


Overfull \hbox (22.62053pt too wide) in paragraph at lines 273--273
 [] [] 
 []



pdfTeX warning: /Library/TeX/texbin/pdflatex (file ./Figures/pYStat5_afcm.pdf):
 PDF inclusion: found PDF version <1.6>, but at most version <1.5> allowed
<Figures/pYStat5_afcm.pdf, id=335, 519.05417pt x 205.40147pt>
File: Figures/pYStat5_afcm.pdf Graphic file (type pdf)
<use Figures/pYStat5_afcm.pdf>
Package pdftex.def Info: Figures/pYStat5_afcm.pdf  used on input line 309.
(pdftex.def)             Requested size: 216.81pt x 85.79475pt.

Overfull \hbox (8.49081pt too wide) in paragraph at lines 309--309
[][]  
 []



pdfTeX warning: /Library/TeX/texbin/pdflatex (file ./Figures/PR_afcm.pdf): PDF 
inclusion: found PDF version <1.6>, but at most version <1.5> allowed
<Figures/PR_afcm.pdf, id=336, 481.80904pt x 184.87248pt>
File: Figures/PR_afcm.pdf Graphic file (type pdf)
<use Figures/PR_afcm.pdf>
Package pdftex.def Info: Figures/PR_afcm.pdf  used on input line 309.
(pdftex.def)             Requested size: 216.81pt x 83.19183pt.

Overfull \hbox (8.49081pt too wide) in paragraph at lines 309--309
[][]  
 []




Overfull \hbox (273.51228pt too wide) has occurred while \output is active
 [][]  \OT1/cmss/m/n/5 ([])  
 []


Overfull \hbox (22.62053pt too wide) has occurred while \output is active
 [] [] 
 []

[10

 <./Figures/pYStat5_afcm.pdf> <./Figures/PR_afcm.pdf>]
Overfull \hbox (273.51228pt too wide) in paragraph at lines 313--313
 [][]  \OT1/cmss/m/n/5 ([])  
 []


Overfull \hbox (22.62053pt too wide) in paragraph at lines 313--313
 [] [] 
 []



pdfTeX warning: /Library/TeX/texbin/pdflatex (file ./Figures/Tables.pdf): PDF i
nclusion: found PDF version <1.6>, but at most version <1.5> allowed
<Figures/Tables.pdf, id=442, 456.61702pt x 333.10045pt>
File: Figures/Tables.pdf Graphic file (type pdf)
<use Figures/Tables.pdf>
Package pdftex.def Info: Figures/Tables.pdf  used on input line 327.
(pdftex.def)             Requested size: 202.35622pt x 147.61676pt.

pdfTeX warning (ext4): destination with the same identifier (name{beamerbibYi23
}) has been already used, duplicate ignored
<to be read again> 
                   \relax 
l.327 }
       
! Misplaced alignment tab character &.
\beamer@doifinframe .... J., Shriver, C. D., ... &
                                                   Chervoneva, I. (2023a). Q...
l.327 }
       
I can't figure out why you would want to use a tab mark
here. If you just want an ampersand, the remedy is
simple: Just type `I\&' now. But if some right brace
up above has ended a previous alignment prematurely,
you're probably due for more error messages, and you
might try typing `S' now just to see what is salvageable.




Overfull \hbox (273.51228pt too wide) has occurred while \output is active
 [][]  \OT1/cmss/m/n/5 ([])  
 []


Overfull \hbox (22.62053pt too wide) has occurred while \output is active
 [] [] 
 []

[11

 <./Figures/Tables.pdf>]
Overfull \hbox (273.51228pt too wide) in paragraph at lines 332--332
 [][]  \OT1/cmss/m/n/5 ([])  
 []


Overfull \hbox (22.62053pt too wide) in paragraph at lines 332--332
 [] [] 
 []


LaTeX Warning: Command \textperiodcentered invalid in math mode on input line 3
60.


LaTeX Warning: Command \textperiodcentered invalid in math mode on input line 3
60.


LaTeX Warning: Command \textperiodcentered invalid in math mode on input line 3
60.


LaTeX Warning: Command \textperiodcentered invalid in math mode on input line 3
60.

Missing character: There is no · in font cmss8!
Missing character: There is no · in font cmss8!
LaTeX Font Info:    Font shape `U/msa/m/n' will be
(Font)              scaled to size 7.29405pt on input line 360.
LaTeX Font Info:    Font shape `U/msb/m/n' will be
(Font)              scaled to size 7.29405pt on input line 360.

LaTeX Warning: Command \textunderscore invalid in math mode on input line 360.


LaTeX Warning: Command \textunderscore invalid in math mode on input line 360.


pdfTeX warning (ext4): destination with the same identifier (name{beamerbibYi23
}) has been already used, duplicate ignored
<to be read again> 
                   \relax 
l.360 }
       
! Misplaced alignment tab character &.
\beamer@doifinframe .... J., Shriver, C. D., ... &
                                                   Chervoneva, I. (2023b). S...
l.360 }
       
I can't figure out why you would want to use a tab mark
here. If you just want an ampersand, the remedy is
simple: Just type `I\&' now. But if some right brace
up above has ended a previous alignment prematurely,
you're probably due for more error messages, and you
might try typing `S' now just to see what is salvageable.




Overfull \hbox (273.51228pt too wide) has occurred while \output is active
 [][]  \OT1/cmss/m/n/5 ([])  
 []


Overfull \hbox (22.62053pt too wide) has occurred while \output is active
 [] [] 
 []

[12

]
Overfull \hbox (273.51228pt too wide) in paragraph at lines 365--365
 [][]  \OT1/cmss/m/n/5 ([])  
 []


Overfull \hbox (22.62053pt too wide) in paragraph at lines 365--365
 [] [] 
 []


pdfTeX warning (ext4): destination with the same identifier (name{beamerbibYi23
BMC}) has been already used, duplicate ignored
<to be read again> 
                   \relax 
l.394 }
       
! Misplaced alignment tab character &.
\beamer@doifinframe .... J., Shriver, C. D., ... &
                                                   Chervoneva, I. (2023b). S...
l.394 }
       
I can't figure out why you would want to use a tab mark
here. If you just want an ampersand, the remedy is
simple: Just type `I\&' now. But if some right brace
up above has ended a previous alignment prematurely,
you're probably due for more error messages, and you
might try typing `S' now just to see what is salvageable.




Overfull \hbox (273.51228pt too wide) has occurred while \output is active
 [][]  \OT1/cmss/m/n/5 ([])  
 []


Overfull \hbox (22.62053pt too wide) has occurred while \output is active
 [] [] 
 []

[13

]
Overfull \hbox (273.51228pt too wide) in paragraph at lines 398--398
 [][]  \OT1/cmss/m/n/5 ([])  
 []


Overfull \hbox (22.62053pt too wide) in paragraph at lines 398--398
 [] [] 
 []



pdfTeX warning: /Library/TeX/texbin/pdflatex (file ./Figures/Yi_et_al_BMC_Bioin
f_2023.pdf): PDF inclusion: found PDF version <1.6>, but at most version <1.5> 
allowed
<Figures/Yi_et_al_BMC_Bioinf_2023.pdf, id=546, 371.86429pt x 321.27428pt>
File: Figures/Yi_et_al_BMC_Bioinf_2023.pdf Graphic file (type pdf)
<use Figures/Yi_et_al_BMC_Bioinf_2023.pdf>
Package pdftex.def Info: Figures/Yi_et_al_BMC_Bioinf_2023.pdf  used on input li
ne 404.
(pdftex.def)             Requested size: 252.94499pt x 218.53224pt.

Overfull \vbox (3.58398pt too high) detected at line 404
 []




Overfull \hbox (273.51228pt too wide) has occurred while \output is active
 [][]  \OT1/cmss/m/n/5 ([])  
 []


Overfull \hbox (22.62053pt too wide) has occurred while \output is active
 [] [] 
 []

[14

 <./Figures/Yi_et_al_BMC_Bioinf_2023.pdf>]
Overfull \hbox (273.51228pt too wide) in paragraph at lines 408--408
 [][]  \OT1/cmss/m/n/5 ([])  
 []


Overfull \hbox (22.62053pt too wide) in paragraph at lines 408--408
 [] [] 
 []

<Figures/Figures_simulations/density.quantile.plot.pdf, id=633, 433.62pt x 650.
43pt>
File: Figures/Figures_simulations/density.quantile.plot.pdf Graphic file (type 
pdf)
<use Figures/Figures_simulations/density.quantile.plot.pdf>
Package pdftex.def Info: Figures/Figures_simulations/density.quantile.plot.pdf 
 used on input line 432.
(pdftex.def)             Requested size: 144.54pt x 216.80615pt.

Overfull \hbox (5.66408pt too wide) in paragraph at lines 432--432
[][]  
 []


Overfull \vbox (0.80234pt too high) detected at line 432
 []




Overfull \hbox (273.51228pt too wide) has occurred while \output is active
 [][]  \OT1/cmss/m/n/5 ([])  
 []


Overfull \hbox (22.62053pt too wide) has occurred while \output is active
 [] [] 
 []

[15

 <./Figures/Figures_simulations/density.quantile.plot.pdf>]
Overfull \hbox (273.51228pt too wide) in paragraph at lines 436--436
 [][]  \OT1/cmss/m/n/5 ([])  
 []


Overfull \hbox (22.62053pt too wide) in paragraph at lines 436--436
 [] [] 
 []

! Misplaced alignment tab character &.
\beamer@doifinframe ...pp. 461â513. John Wiley &
                                                   Sons, Ltd (1985). Chap. 1...
l.475 }
       
I can't figure out why you would want to use a tab mark
here. If you just want an ampersand, the remedy is
simple: Just type `I\&' now. But if some right brace
up above has ended a previous alignment prematurely,
you're probably due for more error messages, and you
might try typing `S' now just to see what is salvageable.

LaTeX Font Info:    Font shape `U/msa/m/n' will be
(Font)              scaled to size 11.40997pt on input line 475.
LaTeX Font Info:    Font shape `U/msb/m/n' will be
(Font)              scaled to size 11.40997pt on input line 475.



Overfull \hbox (273.51228pt too wide) has occurred while \output is active
 [][]  \OT1/cmss/m/n/5 ([])  
 []


Overfull \hbox (22.62053pt too wide) has occurred while \output is active
 [] [] 
 []

[16

]
Overfull \hbox (273.51228pt too wide) in paragraph at lines 479--479
 [][]  \OT1/cmss/m/n/5 ([])  
 []


Overfull \hbox (22.62053pt too wide) in paragraph at lines 479--479
 [] [] 
 []

<Figures/Figures_simulations/AUC.box.plots nQ 19HRlabel2-3 pairedsimID 1000.pdf
, id=703, 433.62pt x 268.00125pt>
File: Figures/Figures_simulations/AUC.box.plots nQ 19HRlabel2-3 pairedsimID 100
0.pdf Graphic file (type pdf)
<use Figures/Figures_simulations/AUC.box.plots nQ 19HRlabel2-3 pairedsimID 1000
.pdf>
Package pdftex.def Info: Figures/Figures_simulations/AUC.box.plots nQ 19HRlabel
2-3 pairedsimID 1000.pdf  used on input line 483.
(pdftex.def)             Requested size: 315.7129pt x 195.12877pt.



Overfull \hbox (273.51228pt too wide) has occurred while \output is active
 [][]  \OT1/cmss/m/n/5 ([])  
 []


Overfull \hbox (22.62053pt too wide) has occurred while \output is active
 [] [] 
 []

[17

 <./Figures/Figures_simulations/AUC.box.plots nQ 19HRlabel2-3 pairedsimID 1000.
pdf>]
Overfull \hbox (273.51228pt too wide) in paragraph at lines 487--487
 [][]  \OT1/cmss/m/n/5 ([])  
 []


Overfull \hbox (22.62053pt too wide) in paragraph at lines 487--487
 [] [] 
 []

<Figures/Figures_simulations/AUC.box.plots nQ 99HRlabel2-3 pairedsimID 1000.pdf
, id=737, 433.62pt x 268.00125pt>
File: Figures/Figures_simulations/AUC.box.plots nQ 99HRlabel2-3 pairedsimID 100
0.pdf Graphic file (type pdf)
<use Figures/Figures_simulations/AUC.box.plots nQ 99HRlabel2-3 pairedsimID 1000
.pdf>
Package pdftex.def Info: Figures/Figures_simulations/AUC.box.plots nQ 99HRlabel
2-3 pairedsimID 1000.pdf  used on input line 491.
(pdftex.def)             Requested size: 315.7129pt x 195.12877pt.



Overfull \hbox (273.51228pt too wide) has occurred while \output is active
 [][]  \OT1/cmss/m/n/5 ([])  
 []


Overfull \hbox (22.62053pt too wide) has occurred while \output is active
 [] [] 
 []

[18

 <./Figures/Figures_simulations/AUC.box.plots nQ 99HRlabel2-3 pairedsimID 1000.
pdf>]
Overfull \hbox (273.51228pt too wide) in paragraph at lines 495--495
 [][]  \OT1/cmss/m/n/5 ([])  
 []


Overfull \hbox (22.62053pt too wide) in paragraph at lines 495--495
 [] [] 
 []

<Figures/Figures_simulations/ME.box.plots nQ 19HRlabel2-3 pairedsimID 1000.pdf,
 id=772, 433.62pt x 268.00125pt>
File: Figures/Figures_simulations/ME.box.plots nQ 19HRlabel2-3 pairedsimID 1000
.pdf Graphic file (type pdf)
<use Figures/Figures_simulations/ME.box.plots nQ 19HRlabel2-3 pairedsimID 1000.
pdf>
Package pdftex.def Info: Figures/Figures_simulations/ME.box.plots nQ 19HRlabel2
-3 pairedsimID 1000.pdf  used on input line 499.
(pdftex.def)             Requested size: 315.7129pt x 195.12877pt.



Overfull \hbox (273.51228pt too wide) has occurred while \output is active
 [][]  \OT1/cmss/m/n/5 ([])  
 []


Overfull \hbox (22.62053pt too wide) has occurred while \output is active
 [] [] 
 []

[19

 <./Figures/Figures_simulations/ME.box.plots nQ 19HRlabel2-3 pairedsimID 1000.p
df>]
Overfull \hbox (273.51228pt too wide) in paragraph at lines 503--503
 [][]  \OT1/cmss/m/n/5 ([])  
 []


Overfull \hbox (22.62053pt too wide) in paragraph at lines 503--503
 [] [] 
 []

<Figures/Figures_simulations/ME.box.plots nQ 99HRlabel2-3 pairedsimID 1000.pdf,
 id=807, 433.62pt x 268.00125pt>
File: Figures/Figures_simulations/ME.box.plots nQ 99HRlabel2-3 pairedsimID 1000
.pdf Graphic file (type pdf)
<use Figures/Figures_simulations/ME.box.plots nQ 99HRlabel2-3 pairedsimID 1000.
pdf>
Package pdftex.def Info: Figures/Figures_simulations/ME.box.plots nQ 99HRlabel2
-3 pairedsimID 1000.pdf  used on input line 507.
(pdftex.def)             Requested size: 315.7129pt x 195.12877pt.



Overfull \hbox (273.51228pt too wide) has occurred while \output is active
 [][]  \OT1/cmss/m/n/5 ([])  
 []


Overfull \hbox (22.62053pt too wide) has occurred while \output is active
 [] [] 
 []

[20

 <./Figures/Figures_simulations/ME.box.plots nQ 99HRlabel2-3 pairedsimID 1000.p
df>]
Overfull \hbox (273.51228pt too wide) in paragraph at lines 517--517
 [][]  \OT1/cmss/m/n/5 ([])  
 []


Overfull \hbox (22.62053pt too wide) in paragraph at lines 517--517
 [] [] 
 []




Overfull \hbox (273.51228pt too wide) has occurred while \output is active
 [][]  \OT1/cmss/m/n/5 ([])  
 []


Overfull \hbox (22.62053pt too wide) has occurred while \output is active
 [] [] 
 []

[21

]
Overfull \hbox (273.51228pt too wide) in paragraph at lines 580--580
 [][]  \OT1/cmss/m/n/5 ([])  
 []


Overfull \hbox (22.62053pt too wide) in paragraph at lines 580--580
 [] [] 
 []



pdfTeX warning: /Library/TeX/texbin/pdflatex (file ./Figures/Misung.pdf): PDF i
nclusion: found PDF version <1.6>, but at most version <1.5> allowed
<Figures/Misung.pdf, id=868, 466.14612pt x 445.45021pt>
File: Figures/Misung.pdf Graphic file (type pdf)
<use Figures/Misung.pdf>
Package pdftex.def Info: Figures/Misung.pdf  used on input line 580.
(pdftex.def)             Requested size: 60.50154pt x 57.81621pt.

! LaTeX Error: \caption outside figure or table.

See the LaTeX manual or LaTeX Companion for explanation.
Type  H <return>  for immediate help.
 ...                                              
                                                  
l.580 \end{frame}
                 	
You're in trouble here.  Try typing  <return>  to proceed.
If that doesn't work, type  X <return>  to quit.

<Figures/Amy.png, id=869, 103.1052pt x 126.2316pt>
File: Figures/Amy.png Graphic file (type png)
<use Figures/Amy.png>
Package pdftex.def Info: Figures/Amy.png  used on input line 580.
(pdftex.def)             Requested size: 59.03172pt x 72.26999pt.

! LaTeX Error: \caption outside figure or table.

See the LaTeX manual or LaTeX Companion for explanation.
Type  H <return>  for immediate help.
 ...                                              
                                                  
l.580 \end{frame}
                 	
You're in trouble here.  Try typing  <return>  to proceed.
If that doesn't work, type  X <return>  to quit.



pdfTeX warning: /Library/TeX/texbin/pdflatex (file ./Figures/Tingting.pdf): PDF
 inclusion: found PDF version <1.6>, but at most version <1.5> allowed
<Figures/Tingting.pdf, id=871, 1872.9975pt x 1872.9975pt>
File: Figures/Tingting.pdf Graphic file (type pdf)
<use Figures/Tingting.pdf>
Package pdftex.def Info: Figures/Tingting.pdf  used on input line 580.
(pdftex.def)             Requested size: 57.78795pt x 57.81621pt.

! LaTeX Error: \caption outside figure or table.

See the LaTeX manual or LaTeX Companion for explanation.
Type  H <return>  for immediate help.
 ...                                              
                                                  
l.580 \end{frame}
                 	
You're in trouble here.  Try typing  <return>  to proceed.
If that doesn't work, type  X <return>  to quit.

<Figures/Yunguang.png, id=872, 102.1416pt x 126.2316pt>
File: Figures/Yunguang.png Graphic file (type png)
<use Figures/Yunguang.png>
Package pdftex.def Info: Figures/Yunguang.png  used on input line 580.
(pdftex.def)             Requested size: 58.48003pt x 72.26999pt.

! LaTeX Error: \caption outside figure or table.

See the LaTeX manual or LaTeX Companion for explanation.
Type  H <return>  for immediate help.
 ...                                              
                                                  
l.580 \end{frame}
                 	
You're in trouble here.  Try typing  <return>  to proceed.
If that doesn't work, type  X <return>  to quit.

<Figures/Rui.png, id=873, 102.1416pt x 126.2316pt>
File: Figures/Rui.png Graphic file (type png)
<use Figures/Rui.png>
Package pdftex.def Info: Figures/Rui.png  used on input line 580.
(pdftex.def)             Requested size: 46.78152pt x 57.81621pt.

! LaTeX Error: \caption outside figure or table.

See the LaTeX manual or LaTeX Companion for explanation.
Type  H <return>  for immediate help.
 ...                                              
                                                  
l.580 \end{frame}
                 	
You're in trouble here.  Try typing  <return>  to proceed.
If that doesn't work, type  X <return>  to quit.

<Figures/Maisel.png, id=874, 73.2336pt x 105.996pt>
File: Figures/Maisel.png Graphic file (type png)
<use Figures/Maisel.png>
Package pdftex.def Info: Figures/Maisel.png  used on input line 580.
(pdftex.def)             Requested size: 49.93338pt x 72.26999pt.

! LaTeX Error: \caption outside figure or table.

See the LaTeX manual or LaTeX Companion for explanation.
Type  H <return>  for immediate help.
 ...                                              
                                                  
l.580 \end{frame}
                 	
You're in trouble here.  Try typing  <return>  to proceed.
If that doesn't work, type  X <return>  to quit.

<Figures/Komen.png, id=875, 358.33875pt x 141.52875pt>
File: Figures/Komen.png Graphic file (type png)
<use Figures/Komen.png>
Package pdftex.def Info: Figures/Komen.png  used on input line 580.
(pdftex.def)             Requested size: 54.89125pt x 21.68121pt.
<Figures/NCI.jpeg, id=876, 390.45876pt x 130.4875pt>
File: Figures/NCI.jpeg Graphic file (type jpg)
<use Figures/NCI.jpeg>
Package pdftex.def Info: Figures/NCI.jpeg  used on input line 580.
(pdftex.def)             Requested size: 64.8757pt x 21.68121pt.



Overfull \hbox (273.51228pt too wide) has occurred while \output is active
 [][]  \OT1/cmss/m/n/5 ([])  
 []


Overfull \hbox (22.62053pt too wide) has occurred while \output is active
 [] [] 
 []

[22

 <./Figures/Misung.pdf> <./Figures/Amy.png> <./Figures/Tingting.pdf> <./Figures
/Yunguang.png> <./Figures/Rui.png> <./Figures/Maisel.png> <./Figures/Komen.png>
 <./Figures/NCI.jpeg>]
Overfull \hbox (273.51228pt too wide) in paragraph at lines 583--583
 [][]  \OT1/cmss/m/n/5 ([])  
 []


Overfull \hbox (22.62053pt too wide) in paragraph at lines 583--583
 [] [] 
 []

<Figures/Thank_you.pdf, id=917, 356.5833pt x 87.16464pt>
File: Figures/Thank_you.pdf Graphic file (type pdf)
<use Figures/Thank_you.pdf>
Package pdftex.def Info: Figures/Thank_you.pdf  used on input line 600.
(pdftex.def)             Requested size: 147.82152pt x 36.135pt.

! LaTeX Error: There's no line here to end.

See the LaTeX manual or LaTeX Companion for explanation.
Type  H <return>  for immediate help.
 ...                                              
                                                  
l.600 	}
        
Your command was ignored.
Type  I <command> <return>  to replace it with another command,
or  <return>  to continue without it.

<Figures/Ukr_flag.jpeg, id=918, 306.14375pt x 165.61874pt>
File: Figures/Ukr_flag.jpeg Graphic file (type jpg)
<use Figures/Ukr_flag.jpeg>
Package pdftex.def Info: Figures/Ukr_flag.jpeg  used on input line 600.
(pdftex.def)             Requested size: 133.5872pt x 72.26999pt.



Overfull \hbox (273.51228pt too wide) has occurred while \output is active
 [][]  \OT1/cmss/m/n/5 ([])  
 []


Overfull \hbox (22.62053pt too wide) has occurred while \output is active
 [] [] 
 []

[23

 <./Figures/Thank_you.pdf> <./Figures/Ukr_flag.jpeg>]
\tf@nav=\write7
\openout7 = `PBS2024_IC01012024.nav'.

\tf@toc=\write8
\openout8 = `PBS2024_IC01012024.toc'.

\tf@snm=\write9
\openout9 = `PBS2024_IC01012024.snm'.


(./PBS2024_IC01012024.aux)
 ***********
LaTeX2e <2024-06-01> patch level 2
L3 programming layer <2024-05-27>
 ***********


LaTeX Warning: There were multiply-defined labels.

Package rerunfilecheck Info: File `PBS2024_IC01012024.out' has not changed.
(rerunfilecheck)             Checksum: D41D8CD98F00B204E9800998ECF8427E;0.
 ) 
Here is how much of TeX's memory you used:
 22491 strings out of 473584
 445546 string characters out of 5728328
 1946905 words of memory out of 5000000
 44825 multiletter control sequences out of 15000+600000
 590490 words of font info for 128 fonts, out of 8000000 for 9000
 1141 hyphenation exceptions out of 8191
 128i,16n,123p,413b,673s stack positions out of 10000i,1000n,20000p,200000b,200000s
</usr/local/texlive/2024/texmf-dist/fonts/type1/public/amsfonts/cm/cmex10.pfb
></usr/local/texlive/2024/texmf-dist/fonts/type1/public/amsfonts/cm/cmmi10.pfb>
</usr/local/texlive/2024/texmf-dist/fonts/type1/public/amsfonts/cm/cmr10.pfb></
usr/local/texlive/2024/texmf-dist/fonts/type1/public/amsfonts/cm/cmss10.pfb></u
sr/local/texlive/2024/texmf-dist/fonts/type1/public/amsfonts/cm/cmss12.pfb></us
r/local/texlive/2024/texmf-dist/fonts/type1/public/amsfonts/cm/cmss8.pfb></usr/
local/texlive/2024/texmf-dist/fonts/type1/public/amsfonts/cm/cmssbx10.pfb></usr
/local/texlive/2024/texmf-dist/fonts/type1/public/amsfonts/cm/cmssi10.pfb></usr
/local/texlive/2024/texmf-dist/fonts/type1/public/amsfonts/cm/cmssi8.pfb></usr/
local/texlive/2024/texmf-dist/fonts/type1/public/amsfonts/cm/cmsy10.pfb></usr/l
ocal/texlive/2024/texmf-dist/fonts/type1/public/amsfonts/cm/cmtt10.pfb></usr/lo
cal/texlive/2024/texmf-dist/fonts/type1/public/amsfonts/cm/cmtt8.pfb></usr/loca
l/texlive/2024/texmf-dist/fonts/type1/public/mathpazo/fplmbi.pfb></usr/local/te
xlive/2024/texmf-dist/fonts/type1/public/mathpazo/fplmr.pfb></usr/local/texlive
/2024/texmf-dist/fonts/type1/public/mathpazo/fplmri.pfb></usr/local/texlive/202
4/texmf-dist/fonts/type1/public/cm-super/sfss0800.pfb></usr/local/texlive/2024/
texmf-dist/fonts/type1/public/cm-super/sfss1095.pfb></usr/local/texlive/2024/te
xmf-dist/fonts/type1/urw/palatino/uplr8a.pfb>
Output written on PBS2024_IC01012024.pdf (23 pages, 5752369 bytes).
PDF statistics:
 1050 PDF objects out of 1200 (max. 8388607)
 834 compressed objects within 9 object streams
 58 named destinations out of 1000 (max. 500000)
 210 words of extra memory for PDF output out of 10000 (max. 10000000)

